<?xml version="1.0" encoding="UTF-8"?>
<!-- Generated by org.testng.reporters.JUnitReportReporter -->
<testsuite hostname="DESKTOP-PFQ5SCK" failures="0" tests="1" name="com.qa.testCases.TestBanking" time="1.546" errors="0" timestamp="11 Oct 2022 23:45:02 GMT" skipped="0">
  <testcase classname="com.qa.testCases.TestBanking" name="openBankSite" time="1.546"/>
</testsuite> <!-- com.qa.testCases.TestBanking -->
