<?xml version="1.0" encoding="UTF-8"?>
<!-- Generated by org.testng.reporters.JUnitReportReporter -->
<testsuite hostname="DESKTOP-PFQ5SCK" failures="0" tests="1" name="com.qa.testCases.TestBanking" time="3.237" errors="0" timestamp="09 Oct 2022 14:34:40 GMT" skipped="0">
  <testcase classname="com.qa.testCases.TestBanking" name="openBankSite" time="3.237"/>
</testsuite> <!-- com.qa.testCases.TestBanking -->
